# JRE version: OpenJDK Runtime Environment (11.0.12+7) (build 11.0.12+7-suse-3.1-x8664)
# Java VM: OpenJDK 64-Bit Server VM (11.0.12+7-suse-3.1-x8664, mixed mode, tiered, compressed oops, g1 gc, linux-amd64)
Heap:
 garbage-first heap   total 130048K, used 101133K [0x0000000707600000, 0x0000000800000000)
  region size 1024K, 44 young (45056K), 4 survivors (4096K)
 Metaspace       used 95332K, capacity 98717K, committed 98892K, reserved 1136640K
  class space    used 11284K, capacity 12576K, committed 12672K, reserved 1048576K
GC Heap History (20 events):
Event: 1366,869 GC heap after
{Heap after GC invocations=101 (full 12):
 garbage-first heap   total 130048K, used 59175K [0x0000000707600000, 0x0000000800000000)
  region size 1024K, 3 young (3072K), 3 survivors (3072K)
 Metaspace       used 95040K, capacity 98403K, committed 98508K, reserved 1134592K
  class space    used 11252K, capacity 12530K, committed 12544K, reserved 1048576K
}
Event: 1618,820 GC heap before
{Heap before GC invocations=101 (full 12):
 garbage-first heap   total 130048K, used 108327K [0x0000000707600000, 0x0000000800000000)
  region size 1024K, 51 young (52224K), 3 survivors (3072K)
 Metaspace       used 95291K, capacity 98705K, committed 98892K, reserved 1136640K
  class space    used 11281K, capacity 12572K, committed 12672K, reserved 1048576K
}
Event: 1618,834 GC heap after
{Heap after GC invocations=102 (full 12):
 garbage-first heap   total 130048K, used 59765K [0x0000000707600000, 0x0000000800000000)
  region size 1024K, 3 young (3072K), 3 survivors (3072K)
 Metaspace       used 95291K, capacity 98705K, committed 98892K, reserved 1136640K
  class space    used 11281K, capacity 12572K, committed 12672K, reserved 1048576K
}
Event: 1945,896 GC heap before
{Heap before GC invocations=102 (full 12):
 garbage-first heap   total 130048K, used 109941K [0x0000000707600000, 0x0000000800000000)
  region size 1024K, 52 young (53248K), 3 survivors (3072K)
 Metaspace       used 95292K, capacity 98705K, committed 98892K, reserved 1136640K
  class space    used 11281K, capacity 12572K, committed 12672K, reserved 1048576K
}
Event: 1945,905 GC heap after
{Heap after GC invocations=103 (full 12):
 garbage-first heap   total 130048K, used 59916K [0x0000000707600000, 0x0000000800000000)
  region size 1024K, 4 young (4096K), 4 survivors (4096K)
 Metaspace       used 95292K, capacity 98705K, committed 98892K, reserved 1136640K
  class space    used 11281K, capacity 12572K, committed 12672K, reserved 1048576K
}
Event: 2280,721 GC heap before
{Heap before GC invocations=103 (full 12):
 garbage-first heap   total 130048K, used 109068K [0x0000000707600000, 0x0000000800000000)
  region size 1024K, 52 young (53248K), 4 survivors (4096K)
 Metaspace       used 95292K, capacity 98705K, committed 98892K, reserved 1136640K
  class space    used 11281K, capacity 12572K, committed 12672K, reserved 1048576K
}
Event: 2280,731 GC heap after
{Heap after GC invocations=104 (full 12):
 garbage-first heap   total 130048K, used 59780K [0x0000000707600000, 0x0000000800000000)
  region size 1024K, 3 young (3072K), 3 survivors (3072K)
 Metaspace       used 95292K, capacity 98705K, committed 98892K, reserved 1136640K
  class space    used 11281K, capacity 12572K, committed 12672K, reserved 1048576K
}
Event: 2593,883 GC heap before
{Heap before GC invocations=104 (full 12):
 garbage-first heap   total 130048K, used 109956K [0x0000000707600000, 0x0000000800000000)
  region size 1024K, 52 young (53248K), 3 survivors (3072K)
 Metaspace       used 95328K, capacity 98711K, committed 98892K, reserved 1136640K
  class space    used 11283K, capacity 12574K, committed 12672K, reserved 1048576K
}
Event: 2593,893 GC heap after
{Heap after GC invocations=105 (full 12):
 garbage-first heap   total 130048K, used 60059K [0x0000000707600000, 0x0000000800000000)
  region size 1024K, 4 young (4096K), 4 survivors (4096K)
 Metaspace       used 95328K, capacity 98711K, committed 98892K, reserved 1136640K
  class space    used 11283K, capacity 12574K, committed 12672K, reserved 1048576K
}
Event: 2936,993 GC heap before
{Heap before GC invocations=105 (full 12):
 garbage-first heap   total 130048K, used 110235K [0x0000000707600000, 0x0000000800000000)
  region size 1024K, 53 young (54272K), 4 survivors (4096K)
 Metaspace       used 95329K, capacity 98711K, committed 98892K, reserved 1136640K
  class space    used 11283K, capacity 12574K, committed 12672K, reserved 1048576K
}
Event: 2937,008 GC heap after
{Heap after GC invocations=106 (full 12):
 garbage-first heap   total 130048K, used 59780K [0x0000000707600000, 0x0000000800000000)
  region size 1024K, 3 young (3072K), 3 survivors (3072K)
 Metaspace       used 95329K, capacity 98711K, committed 98892K, reserved 1136640K
  class space    used 11283K, capacity 12574K, committed 12672K, reserved 1048576K
}
Event: 3278,766 GC heap before
{Heap before GC invocations=106 (full 12):
 garbage-first heap   total 130048K, used 110980K [0x0000000707600000, 0x0000000800000000)
  region size 1024K, 53 young (54272K), 3 survivors (3072K)
 Metaspace       used 95330K, capacity 98711K, committed 98892K, reserved 1136640K
  class space    used 11283K, capacity 12574K, committed 12672K, reserved 1048576K
}
Event: 3278,796 GC heap after
{Heap after GC invocations=107 (full 12):
 garbage-first heap   total 130048K, used 60351K [0x0000000707600000, 0x0000000800000000)
  region size 1024K, 4 young (4096K), 4 survivors (4096K)
 Metaspace       used 95330K, capacity 98711K, committed 98892K, reserved 1136640K
  class space    used 11283K, capacity 12574K, committed 12672K, reserved 1048576K
}
Event: 3619,325 GC heap before
{Heap before GC invocations=107 (full 12):
 garbage-first heap   total 130048K, used 110527K [0x0000000707600000, 0x0000000800000000)
  region size 1024K, 53 young (54272K), 4 survivors (4096K)
 Metaspace       used 95330K, capacity 98711K, committed 98892K, reserved 1136640K
  class space    used 11283K, capacity 12574K, committed 12672K, reserved 1048576K
}
Event: 3619,346 GC heap after
{Heap after GC invocations=108 (full 12):
 garbage-first heap   total 130048K, used 60587K [0x0000000707600000, 0x0000000800000000)
  region size 1024K, 4 young (4096K), 4 survivors (4096K)
 Metaspace       used 95330K, capacity 98711K, committed 98892K, reserved 1136640K
  class space    used 11283K, capacity 12574K, committed 12672K, reserved 1048576K
}
Event: 3961,422 GC heap before
{Heap before GC invocations=108 (full 12):
 garbage-first heap   total 130048K, used 110763K [0x0000000707600000, 0x0000000800000000)
  region size 1024K, 53 young (54272K), 4 survivors (4096K)
 Metaspace       used 95330K, capacity 98711K, committed 98892K, reserved 1136640K
  class space    used 11283K, capacity 12574K, committed 12672K, reserved 1048576K
}
Event: 3961,440 GC heap after
{Heap after GC invocations=109 (full 12):
 garbage-first heap   total 130048K, used 60293K [0x0000000707600000, 0x0000000800000000)
  region size 1024K, 4 young (4096K), 4 survivors (4096K)
 Metaspace       used 95330K, capacity 98711K, committed 98892K, reserved 1136640K
  class space    used 11283K, capacity 12574K, committed 12672K, reserved 1048576K
}
Event: 4305,274 GC heap before
{Heap before GC invocations=109 (full 12):
 garbage-first heap   total 130048K, used 110469K [0x0000000707600000, 0x0000000800000000)
  region size 1024K, 53 young (54272K), 4 survivors (4096K)
 Metaspace       used 95330K, capacity 98711K, committed 98892K, reserved 1136640K
  class space    used 11283K, capacity 12574K, committed 12672K, reserved 1048576K
}
Event: 4305,299 GC heap after
{Heap after GC invocations=110 (full 12):
 garbage-first heap   total 130048K, used 60465K [0x0000000707600000, 0x0000000800000000)
  region size 1024K, 4 young (4096K), 4 survivors (4096K)
 Metaspace       used 95330K, capacity 98711K, committed 98892K, reserved 1136640K
  class space    used 11283K, capacity 12574K, committed 12672K, reserved 1048576K
}
Event: 4567,484 GC heap before
{Heap before GC invocations=110 (full 12):
 garbage-first heap   total 130048K, used 100401K [0x0000000707600000, 0x0000000800000000)
  region size 1024K, 44 young (45056K), 4 survivors (4096K)
 Metaspace       used 95332K, capacity 98717K, committed 98892K, reserved 1136640K
  class space    used 11284K, capacity 12576K, committed 12672K, reserved 1048576K
}

