# JRE version: OpenJDK Runtime Environment (11.0.7+10) (build 11.0.7+10-suse-1.6-x8664)
# Java VM: OpenJDK 64-Bit Server VM (11.0.7+10-suse-1.6-x8664, mixed mode, tiered, compressed oops, g1 gc, linux-amd64)
Heap:
 garbage-first heap   total 99328K, used 78022K [0x0000000707400000, 0x0000000800000000)
  region size 1024K, 41 young (41984K), 3 survivors (3072K)
 Metaspace       used 67812K, capacity 69985K, committed 70168K, reserved 1110016K
  class space    used 8909K, capacity 9750K, committed 9804K, reserved 1048576K
GC Heap History (20 events):
Event: 8.968 GC heap before
{Heap before GC invocations=10 (full 0):
 garbage-first heap   total 340992K, used 210669K [0x0000000707400000, 0x0000000800000000)
  region size 1024K, 199 young (203776K), 12 survivors (12288K)
 Metaspace       used 57058K, capacity 58746K, committed 59008K, reserved 1099776K
  class space    used 7642K, capacity 8315K, committed 8320K, reserved 1048576K
}
Event: 9.020 GC heap after
{Heap after GC invocations=11 (full 0):
 garbage-first heap   total 423936K, used 29532K [0x0000000707400000, 0x0000000800000000)
  region size 1024K, 22 young (22528K), 22 survivors (22528K)
 Metaspace       used 57058K, capacity 58746K, committed 59008K, reserved 1099776K
  class space    used 7642K, capacity 8315K, committed 8320K, reserved 1048576K
}
Event: 9.498 GC heap before
{Heap before GC invocations=11 (full 0):
 garbage-first heap   total 423936K, used 39772K [0x0000000707400000, 0x0000000800000000)
  region size 1024K, 33 young (33792K), 22 survivors (22528K)
 Metaspace       used 58300K, capacity 59981K, committed 60160K, reserved 1101824K
  class space    used 7778K, capacity 8428K, committed 8448K, reserved 1048576K
}
Event: 9.563 GC heap after
{Heap after GC invocations=12 (full 0):
 garbage-first heap   total 423936K, used 29408K [0x0000000707400000, 0x0000000800000000)
  region size 1024K, 14 young (14336K), 14 survivors (14336K)
 Metaspace       used 58300K, capacity 59981K, committed 60160K, reserved 1101824K
  class space    used 7778K, capacity 8428K, committed 8448K, reserved 1048576K
}
Event: 301.414 GC heap before
{Heap before GC invocations=13 (full 0):
 garbage-first heap   total 423936K, used 227040K [0x0000000707400000, 0x0000000800000000)
  region size 1024K, 208 young (212992K), 14 survivors (14336K)
 Metaspace       used 65718K, capacity 67838K, committed 68248K, reserved 1107968K
  class space    used 8736K, capacity 9557K, committed 9676K, reserved 1048576K
}
Event: 301.472 GC heap after
{Heap after GC invocations=14 (full 1):
 garbage-first heap   total 99328K, used 27731K [0x0000000707400000, 0x0000000800000000)
  region size 1024K, 0 young (0K), 0 survivors (0K)
 Metaspace       used 65682K, capacity 67781K, committed 68248K, reserved 1107968K
  class space    used 8731K, capacity 9547K, committed 9676K, reserved 1048576K
}
Event: 303.985 GC heap before
{Heap before GC invocations=14 (full 1):
 garbage-first heap   total 99328K, used 75859K [0x0000000707400000, 0x0000000800000000)
  region size 1024K, 48 young (49152K), 0 survivors (0K)
 Metaspace       used 66033K, capacity 68203K, committed 68504K, reserved 1107968K
  class space    used 8780K, capacity 9624K, committed 9676K, reserved 1048576K
}
Event: 303.988 GC heap after
{Heap after GC invocations=15 (full 1):
 garbage-first heap   total 99328K, used 30291K [0x0000000707400000, 0x0000000800000000)
  region size 1024K, 3 young (3072K), 3 survivors (3072K)
 Metaspace       used 66033K, capacity 68203K, committed 68504K, reserved 1107968K
  class space    used 8780K, capacity 9624K, committed 9676K, reserved 1048576K
}
Event: 304.178 GC heap before
{Heap before GC invocations=15 (full 1):
 garbage-first heap   total 99328K, used 76371K [0x0000000707400000, 0x0000000800000000)
  region size 1024K, 49 young (50176K), 3 survivors (3072K)
 Metaspace       used 66195K, capacity 68349K, committed 68504K, reserved 1107968K
  class space    used 8800K, capacity 9628K, committed 9676K, reserved 1048576K
}
Event: 304.181 GC heap after
{Heap after GC invocations=16 (full 1):
 garbage-first heap   total 99328K, used 31827K [0x0000000707400000, 0x0000000800000000)
  region size 1024K, 4 young (4096K), 4 survivors (4096K)
 Metaspace       used 66195K, capacity 68349K, committed 68504K, reserved 1107968K
  class space    used 8800K, capacity 9628K, committed 9676K, reserved 1048576K
}
Event: 304.365 GC heap before
{Heap before GC invocations=16 (full 1):
 garbage-first heap   total 99328K, used 77907K [0x0000000707400000, 0x0000000800000000)
  region size 1024K, 50 young (51200K), 4 survivors (4096K)
 Metaspace       used 66358K, capacity 68554K, committed 68888K, reserved 1107968K
  class space    used 8816K, capacity 9669K, committed 9804K, reserved 1048576K
}
Event: 304.380 GC heap after
{Heap after GC invocations=17 (full 1):
 garbage-first heap   total 99328K, used 32767K [0x0000000707400000, 0x0000000800000000)
  region size 1024K, 5 young (5120K), 5 survivors (5120K)
 Metaspace       used 66358K, capacity 68554K, committed 68888K, reserved 1107968K
  class space    used 8816K, capacity 9669K, committed 9804K, reserved 1048576K
}
Event: 304.605 GC heap before
{Heap before GC invocations=17 (full 1):
 garbage-first heap   total 99328K, used 78847K [0x0000000707400000, 0x0000000800000000)
  region size 1024K, 50 young (51200K), 5 survivors (5120K)
 Metaspace       used 67223K, capacity 69356K, committed 69656K, reserved 1110016K
  class space    used 8870K, capacity 9713K, committed 9804K, reserved 1048576K
}
Event: 304.616 GC heap after
{Heap after GC invocations=18 (full 1):
 garbage-first heap   total 99328K, used 34817K [0x0000000707400000, 0x0000000800000000)
  region size 1024K, 6 young (6144K), 6 survivors (6144K)
 Metaspace       used 67223K, capacity 69356K, committed 69656K, reserved 1110016K
  class space    used 8870K, capacity 9713K, committed 9804K, reserved 1048576K
}
Event: 304.895 GC heap before
{Heap before GC invocations=18 (full 1):
 garbage-first heap   total 99328K, used 78849K [0x0000000707400000, 0x0000000800000000)
  region size 1024K, 49 young (50176K), 6 survivors (6144K)
 Metaspace       used 67314K, capacity 69487K, committed 69912K, reserved 1110016K
  class space    used 8877K, capacity 9714K, committed 9804K, reserved 1048576K
}
Event: 304.903 GC heap after
{Heap after GC invocations=19 (full 1):
 garbage-first heap   total 99328K, used 37218K [0x0000000707400000, 0x0000000800000000)
  region size 1024K, 5 young (5120K), 5 survivors (5120K)
 Metaspace       used 67314K, capacity 69487K, committed 69912K, reserved 1110016K
  class space    used 8877K, capacity 9714K, committed 9804K, reserved 1048576K
}
Event: 305.113 GC heap before
{Heap before GC invocations=19 (full 1):
 garbage-first heap   total 99328K, used 79202K [0x0000000707400000, 0x0000000800000000)
  region size 1024K, 46 young (47104K), 5 survivors (5120K)
 Metaspace       used 67525K, capacity 69720K, committed 69912K, reserved 1110016K
  class space    used 8891K, capacity 9748K, committed 9804K, reserved 1048576K
}
Event: 305.120 GC heap after
{Heap after GC invocations=20 (full 1):
 garbage-first heap   total 99328K, used 38932K [0x0000000707400000, 0x0000000800000000)
  region size 1024K, 5 young (5120K), 5 survivors (5120K)
 Metaspace       used 67525K, capacity 69720K, committed 69912K, reserved 1110016K
  class space    used 8891K, capacity 9748K, committed 9804K, reserved 1048576K
}
Event: 305.289 GC heap before
{Heap before GC invocations=20 (full 1):
 garbage-first heap   total 99328K, used 79892K [0x0000000707400000, 0x0000000800000000)
  region size 1024K, 45 young (46080K), 5 survivors (5120K)
 Metaspace       used 67739K, capacity 69918K, committed 70168K, reserved 1110016K
  class space    used 8904K, capacity 9749K, committed 9804K, reserved 1048576K
}
Event: 305.295 GC heap after
{Heap after GC invocations=21 (full 1):
 garbage-first heap   total 99328K, used 40134K [0x0000000707400000, 0x0000000800000000)
  region size 1024K, 3 young (3072K), 3 survivors (3072K)
 Metaspace       used 67739K, capacity 69918K, committed 70168K, reserved 1110016K
  class space    used 8904K, capacity 9749K, committed 9804K, reserved 1048576K
}

