# JRE version: OpenJDK Runtime Environment (11.0.7+10) (build 11.0.7+10-suse-1.6-x8664)
# Java VM: OpenJDK 64-Bit Server VM (11.0.7+10-suse-1.6-x8664, mixed mode, tiered, compressed oops, g1 gc, linux-amd64)
Heap:
 garbage-first heap   total 460800K, used 212365K [0x0000000707400000, 0x0000000800000000)
  region size 1024K, 194 young (198656K), 18 survivors (18432K)
 Metaspace       used 66684K, capacity 68730K, committed 68864K, reserved 1107968K
  class space    used 8858K, capacity 9653K, committed 9728K, reserved 1048576K
GC Heap History (20 events):
Event: 0.919 GC heap before
{Heap before GC invocations=0 (full 0):
 garbage-first heap   total 256000K, used 14336K [0x0000000707400000, 0x0000000800000000)
  region size 1024K, 14 young (14336K), 0 survivors (0K)
 Metaspace       used 12608K, capacity 12904K, committed 13056K, reserved 1060864K
  class space    used 1341K, capacity 1466K, committed 1536K, reserved 1048576K
}
Event: 0.939 GC heap after
{Heap after GC invocations=1 (full 0):
 garbage-first heap   total 256000K, used 6331K [0x0000000707400000, 0x0000000800000000)
  region size 1024K, 2 young (2048K), 2 survivors (2048K)
 Metaspace       used 12608K, capacity 12904K, committed 13056K, reserved 1060864K
  class space    used 1341K, capacity 1466K, committed 1536K, reserved 1048576K
}
Event: 1.192 GC heap before
{Heap before GC invocations=1 (full 0):
 garbage-first heap   total 256000K, used 16571K [0x0000000707400000, 0x0000000800000000)
  region size 1024K, 12 young (12288K), 2 survivors (2048K)
 Metaspace       used 14223K, capacity 14550K, committed 14720K, reserved 1062912K
  class space    used 1529K, capacity 1656K, committed 1664K, reserved 1048576K
}
Event: 1.228 GC heap after
{Heap after GC invocations=2 (full 0):
 garbage-first heap   total 256000K, used 7333K [0x0000000707400000, 0x0000000800000000)
  region size 1024K, 1 young (1024K), 1 survivors (1024K)
 Metaspace       used 14223K, capacity 14550K, committed 14720K, reserved 1062912K
  class space    used 1529K, capacity 1656K, committed 1664K, reserved 1048576K
}
Event: 1.253 GC heap before
{Heap before GC invocations=2 (full 0):
 garbage-first heap   total 256000K, used 29861K [0x0000000707400000, 0x0000000800000000)
  region size 1024K, 24 young (24576K), 1 survivors (1024K)
 Metaspace       used 14466K, capacity 14831K, committed 15104K, reserved 1062912K
  class space    used 1557K, capacity 1729K, committed 1792K, reserved 1048576K
}
Event: 1.256 GC heap after
{Heap after GC invocations=3 (full 0):
 garbage-first heap   total 256000K, used 7467K [0x0000000707400000, 0x0000000800000000)
  region size 1024K, 1 young (1024K), 1 survivors (1024K)
 Metaspace       used 14466K, capacity 14831K, committed 15104K, reserved 1062912K
  class space    used 1557K, capacity 1729K, committed 1792K, reserved 1048576K
}
Event: 1.616 GC heap before
{Heap before GC invocations=3 (full 0):
 garbage-first heap   total 256000K, used 43307K [0x0000000707400000, 0x0000000800000000)
  region size 1024K, 37 young (37888K), 1 survivors (1024K)
 Metaspace       used 17960K, capacity 18473K, committed 18688K, reserved 1064960K
  class space    used 2027K, capacity 2263K, committed 2304K, reserved 1048576K
}
Event: 1.633 GC heap after
{Heap after GC invocations=4 (full 0):
 garbage-first heap   total 256000K, used 8491K [0x0000000707400000, 0x0000000800000000)
  region size 1024K, 2 young (2048K), 2 survivors (2048K)
 Metaspace       used 17960K, capacity 18473K, committed 18688K, reserved 1064960K
  class space    used 2027K, capacity 2263K, committed 2304K, reserved 1048576K
}
Event: 1.869 GC heap before
{Heap before GC invocations=4 (full 0):
 garbage-first heap   total 256000K, used 29995K [0x0000000707400000, 0x0000000800000000)
  region size 1024K, 25 young (25600K), 2 survivors (2048K)
 Metaspace       used 20539K, capacity 21073K, committed 21248K, reserved 1067008K
  class space    used 2465K, capacity 2727K, committed 2816K, reserved 1048576K
}
Event: 1.878 GC heap after
{Heap after GC invocations=5 (full 0):
 garbage-first heap   total 363520K, used 9598K [0x0000000707400000, 0x0000000800000000)
  region size 1024K, 4 young (4096K), 4 survivors (4096K)
 Metaspace       used 20539K, capacity 21073K, committed 21248K, reserved 1067008K
  class space    used 2465K, capacity 2727K, committed 2816K, reserved 1048576K
}
Event: 2.569 GC heap before
{Heap before GC invocations=6 (full 0):
 garbage-first heap   total 363520K, used 64894K [0x0000000707400000, 0x0000000800000000)
  region size 1024K, 59 young (60416K), 4 survivors (4096K)
 Metaspace       used 26262K, capacity 27143K, committed 27520K, reserved 1073152K
  class space    used 3252K, capacity 3609K, committed 3712K, reserved 1048576K
}
Event: 2.585 GC heap after
{Heap after GC invocations=7 (full 0):
 garbage-first heap   total 363520K, used 11449K [0x0000000707400000, 0x0000000800000000)
  region size 1024K, 5 young (5120K), 5 survivors (5120K)
 Metaspace       used 26262K, capacity 27143K, committed 27520K, reserved 1073152K
  class space    used 3252K, capacity 3609K, committed 3712K, reserved 1048576K
}
Event: 3.484 GC heap before
{Heap before GC invocations=7 (full 0):
 garbage-first heap   total 363520K, used 165049K [0x0000000707400000, 0x0000000800000000)
  region size 1024K, 157 young (160768K), 5 survivors (5120K)
 Metaspace       used 34428K, capacity 35606K, committed 35840K, reserved 1081344K
  class space    used 4434K, capacity 4925K, committed 4992K, reserved 1048576K
}
Event: 3.499 GC heap after
{Heap after GC invocations=8 (full 0):
 garbage-first heap   total 363520K, used 16683K [0x0000000707400000, 0x0000000800000000)
  region size 1024K, 10 young (10240K), 10 survivors (10240K)
 Metaspace       used 34428K, capacity 35606K, committed 35840K, reserved 1081344K
  class space    used 4434K, capacity 4925K, committed 4992K, reserved 1048576K
}
Event: 4.331 GC heap before
{Heap before GC invocations=9 (full 0):
 garbage-first heap   total 363520K, used 207147K [0x0000000707400000, 0x0000000800000000)
  region size 1024K, 197 young (201728K), 10 survivors (10240K)
 Metaspace       used 46333K, capacity 47704K, committed 48128K, reserved 1091584K
  class space    used 6035K, capacity 6583K, committed 6656K, reserved 1048576K
}
Event: 4.345 GC heap after
{Heap after GC invocations=10 (full 0):
 garbage-first heap   total 363520K, used 22716K [0x0000000707400000, 0x0000000800000000)
  region size 1024K, 16 young (16384K), 16 survivors (16384K)
 Metaspace       used 46333K, capacity 47704K, committed 48128K, reserved 1091584K
  class space    used 6035K, capacity 6583K, committed 6656K, reserved 1048576K
}
Event: 5.164 GC heap before
{Heap before GC invocations=10 (full 0):
 garbage-first heap   total 363520K, used 167100K [0x0000000707400000, 0x0000000800000000)
  region size 1024K, 158 young (161792K), 16 survivors (16384K)
 Metaspace       used 58118K, capacity 59823K, committed 60160K, reserved 1101824K
  class space    used 7770K, capacity 8446K, committed 8448K, reserved 1048576K
}
Event: 5.186 GC heap after
{Heap after GC invocations=11 (full 0):
 garbage-first heap   total 460800K, used 29154K [0x0000000707400000, 0x0000000800000000)
  region size 1024K, 21 young (21504K), 21 survivors (21504K)
 Metaspace       used 58118K, capacity 59823K, committed 60160K, reserved 1101824K
  class space    used 7770K, capacity 8446K, committed 8448K, reserved 1048576K
}
Event: 579.242 GC heap before
{Heap before GC invocations=12 (full 0):
 garbage-first heap   total 460800K, used 264674K [0x0000000707400000, 0x0000000800000000)
  region size 1024K, 251 young (257024K), 21 survivors (21504K)
 Metaspace       used 66478K, capacity 68499K, committed 68608K, reserved 1107968K
  class space    used 8830K, capacity 9625K, committed 9728K, reserved 1048576K
}
Event: 579.262 GC heap after
{Heap after GC invocations=13 (full 0):
 garbage-first heap   total 460800K, used 33165K [0x0000000707400000, 0x0000000800000000)
  region size 1024K, 18 young (18432K), 18 survivors (18432K)
 Metaspace       used 66478K, capacity 68499K, committed 68608K, reserved 1107968K
  class space    used 8830K, capacity 9625K, committed 9728K, reserved 1048576K
}

