# JRE version: OpenJDK Runtime Environment (11.0.7+10) (build 11.0.7+10-suse-1.6-x8664)
# Java VM: OpenJDK 64-Bit Server VM (11.0.7+10-suse-1.6-x8664, mixed mode, tiered, compressed oops, g1 gc, linux-amd64)
Heap:
 garbage-first heap   total 389120K, used 105407K [0x0000000707400000, 0x0000000800000000)
  region size 1024K, 76 young (77824K), 6 survivors (6144K)
 Metaspace       used 66318K, capacity 68430K, committed 68608K, reserved 1107968K
  class space    used 8818K, capacity 9638K, committed 9728K, reserved 1048576K
GC Heap History (20 events):
Event: 3.459 GC heap before
{Heap before GC invocations=6 (full 0):
 garbage-first heap   total 256000K, used 158852K [0x0000000707400000, 0x0000000800000000)
  region size 1024K, 150 young (153600K), 3 survivors (3072K)
 Metaspace       used 29292K, capacity 30263K, committed 30592K, reserved 1075200K
  class space    used 3710K, capacity 4115K, committed 4224K, reserved 1048576K
}
Event: 3.471 GC heap after
{Heap after GC invocations=7 (full 0):
 garbage-first heap   total 256000K, used 13143K [0x0000000707400000, 0x0000000800000000)
  region size 1024K, 7 young (7168K), 7 survivors (7168K)
 Metaspace       used 29292K, capacity 30263K, committed 30592K, reserved 1075200K
  class space    used 3710K, capacity 4115K, committed 4224K, reserved 1048576K
}
Event: 4.209 GC heap before
{Heap before GC invocations=7 (full 0):
 garbage-first heap   total 256000K, used 74583K [0x0000000707400000, 0x0000000800000000)
  region size 1024K, 68 young (69632K), 7 survivors (7168K)
 Metaspace       used 34383K, capacity 35597K, committed 35840K, reserved 1081344K
  class space    used 4443K, capacity 4924K, committed 4992K, reserved 1048576K
}
Event: 4.228 GC heap after
{Heap after GC invocations=8 (full 0):
 garbage-first heap   total 307200K, used 17023K [0x0000000707400000, 0x0000000800000000)
  region size 1024K, 11 young (11264K), 11 survivors (11264K)
 Metaspace       used 34383K, capacity 35597K, committed 35840K, reserved 1081344K
  class space    used 4443K, capacity 4924K, committed 4992K, reserved 1048576K
}
Event: 5.216 GC heap before
{Heap before GC invocations=9 (full 0):
 garbage-first heap   total 307200K, used 187007K [0x0000000707400000, 0x0000000800000000)
  region size 1024K, 178 young (182272K), 11 survivors (11264K)
 Metaspace       used 43556K, capacity 45025K, committed 45312K, reserved 1087488K
  class space    used 5690K, capacity 6281K, committed 6400K, reserved 1048576K
}
Event: 5.233 GC heap after
{Heap after GC invocations=10 (full 0):
 garbage-first heap   total 307200K, used 21870K [0x0000000707400000, 0x0000000800000000)
  region size 1024K, 15 young (15360K), 15 survivors (15360K)
 Metaspace       used 43556K, capacity 45025K, committed 45312K, reserved 1087488K
  class space    used 5690K, capacity 6281K, committed 6400K, reserved 1048576K
}
Event: 6.416 GC heap before
{Heap before GC invocations=10 (full 0):
 garbage-first heap   total 307200K, used 190830K [0x0000000707400000, 0x0000000800000000)
  region size 1024K, 180 young (184320K), 15 survivors (15360K)
 Metaspace       used 57328K, capacity 58989K, committed 59136K, reserved 1099776K
  class space    used 7692K, capacity 8356K, committed 8448K, reserved 1048576K
}
Event: 6.438 GC heap after
{Heap after GC invocations=11 (full 0):
 garbage-first heap   total 307200K, used 28872K [0x0000000707400000, 0x0000000800000000)
  region size 1024K, 16 young (16384K), 16 survivors (16384K)
 Metaspace       used 57328K, capacity 58989K, committed 59136K, reserved 1099776K
  class space    used 7692K, capacity 8356K, committed 8448K, reserved 1048576K
}
Event: 6.478 GC heap before
{Heap before GC invocations=11 (full 0):
 garbage-first heap   total 307200K, used 31944K [0x0000000707400000, 0x0000000800000000)
  region size 1024K, 20 young (20480K), 16 survivors (16384K)
 Metaspace       used 58224K, capacity 59964K, committed 60160K, reserved 1101824K
  class space    used 7784K, capacity 8489K, committed 8576K, reserved 1048576K
}
Event: 6.498 GC heap after
{Heap after GC invocations=12 (full 0):
 garbage-first heap   total 307200K, used 30331K [0x0000000707400000, 0x0000000800000000)
  region size 1024K, 9 young (9216K), 9 survivors (9216K)
 Metaspace       used 58224K, capacity 59964K, committed 60160K, reserved 1101824K
  class space    used 7784K, capacity 8489K, committed 8576K, reserved 1048576K
}
Event: 31.770 GC heap before
{Heap before GC invocations=13 (full 0):
 garbage-first heap   total 307200K, used 158331K [0x0000000707400000, 0x0000000800000000)
  region size 1024K, 134 young (137216K), 9 survivors (9216K)
 Metaspace       used 61660K, capacity 63569K, committed 63872K, reserved 1103872K
  class space    used 8254K, capacity 9026K, committed 9088K, reserved 1048576K
}
Event: 31.948 GC heap after
{Heap after GC invocations=14 (full 0):
 garbage-first heap   total 389120K, used 33348K [0x0000000707400000, 0x0000000800000000)
  region size 1024K, 12 young (12288K), 12 survivors (12288K)
 Metaspace       used 61660K, capacity 63569K, committed 63872K, reserved 1103872K
  class space    used 8254K, capacity 9026K, committed 9088K, reserved 1048576K
}
Event: 416.842 GC heap before
{Heap before GC invocations=15 (full 0):
 garbage-first heap   total 389120K, used 89668K [0x0000000707400000, 0x0000000800000000)
  region size 1024K, 67 young (68608K), 12 survivors (12288K)
 Metaspace       used 61633K, capacity 63515K, committed 63872K, reserved 1103872K
  class space    used 8251K, capacity 9017K, committed 9088K, reserved 1048576K
}
Event: 416.910 GC heap after
{Heap after GC invocations=16 (full 0):
 garbage-first heap   total 389120K, used 33456K [0x0000000707400000, 0x0000000800000000)
  region size 1024K, 5 young (5120K), 5 survivors (5120K)
 Metaspace       used 61633K, capacity 63515K, committed 63872K, reserved 1103872K
  class space    used 8251K, capacity 9017K, committed 9088K, reserved 1048576K
}
Event: 1057.175 GC heap before
{Heap before GC invocations=16 (full 0):
 garbage-first heap   total 389120K, used 149168K [0x0000000707400000, 0x0000000800000000)
  region size 1024K, 118 young (120832K), 5 survivors (5120K)
 Metaspace       used 65203K, capacity 67267K, committed 67456K, reserved 1107968K
  class space    used 8697K, capacity 9507K, committed 9600K, reserved 1048576K
}
Event: 1057.202 GC heap after
{Heap after GC invocations=17 (full 0):
 garbage-first heap   total 389120K, used 33968K [0x0000000707400000, 0x0000000800000000)
  region size 1024K, 5 young (5120K), 5 survivors (5120K)
 Metaspace       used 65203K, capacity 67267K, committed 67456K, reserved 1107968K
  class space    used 8697K, capacity 9507K, committed 9600K, reserved 1048576K
}
Event: 2211.052 GC heap before
{Heap before GC invocations=17 (full 0):
 garbage-first heap   total 389120K, used 207024K [0x0000000707400000, 0x0000000800000000)
  region size 1024K, 174 young (178176K), 5 survivors (5120K)
 Metaspace       used 65345K, capacity 67452K, committed 67712K, reserved 1107968K
  class space    used 8709K, capacity 9525K, committed 9600K, reserved 1048576K
}
Event: 2211.089 GC heap after
{Heap after GC invocations=18 (full 0):
 garbage-first heap   total 389120K, used 34701K [0x0000000707400000, 0x0000000800000000)
  region size 1024K, 6 young (6144K), 6 survivors (6144K)
 Metaspace       used 65345K, capacity 67452K, committed 67712K, reserved 1107968K
  class space    used 8709K, capacity 9525K, committed 9600K, reserved 1048576K
}
Event: 3463.475 GC heap before
{Heap before GC invocations=18 (full 0):
 garbage-first heap   total 389120K, used 212877K [0x0000000707400000, 0x0000000800000000)
  region size 1024K, 180 young (184320K), 6 survivors (6144K)
 Metaspace       used 65348K, capacity 67452K, committed 67712K, reserved 1107968K
  class space    used 8710K, capacity 9525K, committed 9600K, reserved 1048576K
}
Event: 3463.491 GC heap after
{Heap after GC invocations=19 (full 0):
 garbage-first heap   total 389120K, used 34751K [0x0000000707400000, 0x0000000800000000)
  region size 1024K, 6 young (6144K), 6 survivors (6144K)
 Metaspace       used 65348K, capacity 67452K, committed 67712K, reserved 1107968K
  class space    used 8710K, capacity 9525K, committed 9600K, reserved 1048576K
}

